[2019-04-02T23:08:01.281] [ERROR] errorLogger - 
*************** error log start ***************
request method: GET
request originalUrl:  /api/v1/captcha?1554217681232
request client ip:  ::ffff:127.0.0.1
request query:  {"1554217681232":""}
response time: 13
err name: TypeError
err message: Cannot read property 'remoteAddress' of undefined
err stack: TypeError: Cannot read property 'remoteAddress' of undefined
    at getIp (/Users/shenwang/Documents/myDoucuments/jasonBlog/zhuangxiu/server/lib/logs.js:27:77)
    at formatRes (/Users/shenwang/Documents/myDoucuments/jasonBlog/zhuangxiu/server/lib/logs.js:41:33)
    at Object.logUtil.logResponse (/Users/shenwang/Documents/myDoucuments/jasonBlog/zhuangxiu/server/lib/logs.js:22:24)
    at /Users/shenwang/Documents/myDoucuments/jasonBlog/zhuangxiu/server/middlewares/logs.js:16:21
*************** error log end ***************

[2019-04-02T23:08:05.759] [ERROR] errorLogger - 
*************** error log start ***************
request method: GET
request originalUrl:  /api/v1/captcha?1554217685730
request client ip:  ::ffff:127.0.0.1
request query:  {"1554217685730":""}
response time: 6
err name: TypeError
err message: Cannot read property 'remoteAddress' of undefined
err stack: TypeError: Cannot read property 'remoteAddress' of undefined
    at getIp (/Users/shenwang/Documents/myDoucuments/jasonBlog/zhuangxiu/server/lib/logs.js:27:77)
    at formatRes (/Users/shenwang/Documents/myDoucuments/jasonBlog/zhuangxiu/server/lib/logs.js:41:33)
    at Object.logUtil.logResponse (/Users/shenwang/Documents/myDoucuments/jasonBlog/zhuangxiu/server/lib/logs.js:22:24)
    at /Users/shenwang/Documents/myDoucuments/jasonBlog/zhuangxiu/server/middlewares/logs.js:16:21
*************** error log end ***************

[2019-04-02T23:09:36.798] [ERROR] errorLogger - 
*************** error log start ***************
request method: GET
request originalUrl:  /api/v1/captcha?1554217776740
request client ip:  ::ffff:127.0.0.1
request query:  {"1554217776740":""}
response time: 15
err name: TypeError
err message: Cannot read property 'remoteAddress' of undefined
err stack: TypeError: Cannot read property 'remoteAddress' of undefined
    at getIp (/Users/shenwang/Documents/myDoucuments/jasonBlog/zhuangxiu/server/lib/logs.js:27:77)
    at formatRes (/Users/shenwang/Documents/myDoucuments/jasonBlog/zhuangxiu/server/lib/logs.js:41:33)
    at Object.logUtil.logResponse (/Users/shenwang/Documents/myDoucuments/jasonBlog/zhuangxiu/server/lib/logs.js:22:24)
    at /Users/shenwang/Documents/myDoucuments/jasonBlog/zhuangxiu/server/middlewares/logs.js:16:21
*************** error log end ***************

[2019-04-02T23:10:02.968] [ERROR] errorLogger - 
*************** error log start ***************
request method: GET
request originalUrl:  /api/v1/captcha?1554217802903
request client ip:  ::ffff:127.0.0.1
request query:  {"1554217802903":""}
response time: 18
err name: TypeError
err message: Cannot read property 'remoteAddress' of undefined
err stack: TypeError: Cannot read property 'remoteAddress' of undefined
    at getIp (/Users/shenwang/Documents/myDoucuments/jasonBlog/zhuangxiu/server/lib/logs.js:27:77)
    at formatRes (/Users/shenwang/Documents/myDoucuments/jasonBlog/zhuangxiu/server/lib/logs.js:41:33)
    at Object.logUtil.logResponse (/Users/shenwang/Documents/myDoucuments/jasonBlog/zhuangxiu/server/lib/logs.js:22:24)
    at /Users/shenwang/Documents/myDoucuments/jasonBlog/zhuangxiu/server/middlewares/logs.js:16:21
*************** error log end ***************

[2019-04-02T23:10:08.498] [ERROR] errorLogger - 
*************** error log start ***************
request method: GET
request originalUrl:  /api/v1/captcha?1554217808482
request client ip:  ::ffff:127.0.0.1
request query:  {"1554217808482":""}
response time: 6
err name: TypeError
err message: Cannot read property 'remoteAddress' of undefined
err stack: TypeError: Cannot read property 'remoteAddress' of undefined
    at getIp (/Users/shenwang/Documents/myDoucuments/jasonBlog/zhuangxiu/server/lib/logs.js:27:77)
    at formatRes (/Users/shenwang/Documents/myDoucuments/jasonBlog/zhuangxiu/server/lib/logs.js:41:33)
    at Object.logUtil.logResponse (/Users/shenwang/Documents/myDoucuments/jasonBlog/zhuangxiu/server/lib/logs.js:22:24)
    at /Users/shenwang/Documents/myDoucuments/jasonBlog/zhuangxiu/server/middlewares/logs.js:16:21
*************** error log end ***************

[2019-04-02T23:10:27.456] [ERROR] errorLogger - 
*************** error log start ***************
request method: GET
request originalUrl:  /api/v1/captcha?1554217827374
request client ip:  ::ffff:127.0.0.1
request query:  {"1554217827374":""}
response time: 15
err name: TypeError
err message: Cannot read property 'remoteAddress' of undefined
err stack: TypeError: Cannot read property 'remoteAddress' of undefined
    at getIp (/Users/shenwang/Documents/myDoucuments/jasonBlog/zhuangxiu/server/lib/logs.js:27:77)
    at formatRes (/Users/shenwang/Documents/myDoucuments/jasonBlog/zhuangxiu/server/lib/logs.js:41:33)
    at Object.logUtil.logResponse (/Users/shenwang/Documents/myDoucuments/jasonBlog/zhuangxiu/server/lib/logs.js:22:24)
    at /Users/shenwang/Documents/myDoucuments/jasonBlog/zhuangxiu/server/middlewares/logs.js:16:21
*************** error log end ***************

